\BOOKMARK [0][-]{section*.1}{\315ndice general}{}% 1
\BOOKMARK [0][-]{section*.2}{\315ndice de figuras}{}% 2
\BOOKMARK [0][-]{section*.3}{\315ndice de tablas}{}% 3
\BOOKMARK [-1][-]{section*.3}{Memoria}{}% 4
\BOOKMARK [0][-]{chapter*.6}{1. Introducci\363n}{section*.3}% 5
\BOOKMARK [0][-]{chapter*.7}{2. Objetivos del proyecto}{section*.3}% 6
\BOOKMARK [0][-]{chapter*.8}{3. Conceptos te\363ricos}{section*.3}% 7
\BOOKMARK [1][-]{section.3.1}{Secciones}{chapter*.8}% 8
\BOOKMARK [1][-]{section.3.2}{Referencias}{chapter*.8}% 9
\BOOKMARK [1][-]{section.3.3}{Im\341genes}{chapter*.8}% 10
\BOOKMARK [1][-]{section.3.4}{Listas de items}{chapter*.8}% 11
\BOOKMARK [1][-]{section.3.5}{Tablas}{chapter*.8}% 12
\BOOKMARK [0][-]{chapter*.11}{4. T\351cnicas y herramientas}{section*.3}% 13
\BOOKMARK [0][-]{chapter*.12}{5. Aspectos relevantes del desarrollo del proyecto}{section*.3}% 14
\BOOKMARK [0][-]{chapter*.13}{6. Trabajos relacionados}{section*.3}% 15
\BOOKMARK [0][-]{chapter*.14}{7. Conclusiones y L\355neas de trabajo futuras}{section*.3}% 16
\BOOKMARK [-1][-]{chapter*.14}{Ap\351ndices}{}% 17
\BOOKMARK [0][-]{appendix.Alph1}{Plan de Proyecto Software}{chapter*.14}% 18
\BOOKMARK [1][-]{section.Alph1.1}{Introducci\363n}{appendix.Alph1}% 19
\BOOKMARK [1][-]{section.Alph1.2}{Planificaci\363n temporal}{appendix.Alph1}% 20
\BOOKMARK [1][-]{section.Alph1.3}{Estudio de viabilidad}{appendix.Alph1}% 21
\BOOKMARK [0][-]{appendix.Alph2}{Especificaci\363n de Requisitos}{chapter*.14}% 22
\BOOKMARK [1][-]{section.Alph2.1}{Introducci\363n}{appendix.Alph2}% 23
\BOOKMARK [1][-]{section.Alph2.2}{Objetivos generales}{appendix.Alph2}% 24
\BOOKMARK [1][-]{section.Alph2.3}{Catalogo de requisitos}{appendix.Alph2}% 25
\BOOKMARK [1][-]{section.Alph2.4}{Especificaci\363n de requisitos}{appendix.Alph2}% 26
\BOOKMARK [0][-]{appendix.Alph3}{Especificaci\363n de dise\361o}{chapter*.14}% 27
\BOOKMARK [1][-]{section.Alph3.1}{Introducci\363n}{appendix.Alph3}% 28
\BOOKMARK [1][-]{section.Alph3.2}{Dise\361o de datos}{appendix.Alph3}% 29
\BOOKMARK [1][-]{section.Alph3.3}{Dise\361o procedimental}{appendix.Alph3}% 30
\BOOKMARK [1][-]{section.Alph3.4}{Dise\361o arquitect\363nico}{appendix.Alph3}% 31
\BOOKMARK [0][-]{appendix.Alph4}{Documentaci\363n t\351cnica de programaci\363n}{chapter*.14}% 32
\BOOKMARK [1][-]{section.Alph4.1}{Introducci\363n}{appendix.Alph4}% 33
\BOOKMARK [1][-]{section.Alph4.2}{Estructura de directorios}{appendix.Alph4}% 34
\BOOKMARK [1][-]{section.Alph4.3}{Manual del programador}{appendix.Alph4}% 35
\BOOKMARK [1][-]{section.Alph4.4}{Compilaci\363n, instalaci\363n y ejecuci\363n del proyecto}{appendix.Alph4}% 36
\BOOKMARK [1][-]{section.Alph4.5}{Pruebas del sistema}{appendix.Alph4}% 37
\BOOKMARK [0][-]{appendix.Alph5}{Documentaci\363n de usuario}{chapter*.14}% 38
\BOOKMARK [1][-]{section.Alph5.1}{Introducci\363n}{appendix.Alph5}% 39
\BOOKMARK [1][-]{section.Alph5.2}{Requisitos de usuarios}{appendix.Alph5}% 40
\BOOKMARK [1][-]{section.Alph5.3}{Instalaci\363n}{appendix.Alph5}% 41
\BOOKMARK [1][-]{section.Alph5.4}{Manual del usuario}{appendix.Alph5}% 42
\BOOKMARK [0][-]{appendix*.19}{Bibliograf\355a}{chapter*.14}% 43
